==================== 2026-02-28T07:39:36.208400Z | 0849ad03-e042-4605-b10d-afbaecd0c478 ====================
07:39:36.208445 [info ]: Starting dbt LSP server
07:39:36.208460 [info ]: Connecting to LSP client on port 8000
07:39:36.210106 [info ]: Successfully connected to LSP client
07:39:36.210126 [info ]: Creating LSP service...
07:39:36.268658 [info ]: Creating LSP server...
07:39:36.268681 [info ]: Starting LSP server...
07:39:36.304979 [info ]: Started loading project
07:39:36.305311 [info ]: Finished loading project [  0.00s]
07:41:30.773528 [info ]: Started loading project
07:41:30.773712 [info ]: Finished loading project [  0.00s]
07:56:17.330676 [info ]: Started loading project
07:56:17.361338 [info ]: Finished loading project [  0.03s]
07:58:23.722104 [info ]: Started loading project
07:58:23.741562 [info ]: Finished loading project [  0.02s]
07:58:24.054109 [info ]: Started loading project
07:58:24.054519 [info ]: Finished loading project [  0.00s]
07:59:26.953662 [info ]: Started loading project
07:59:26.954769 [info ]: Finished loading project [  0.00s]
07:59:27.294667 [info ]: Started loading project
07:59:27.295093 [info ]: Finished loading project [  0.00s]
08:00:50.091025 [info ]: Started loading project
08:00:50.093252 [info ]: Finished loading project [  0.00s]
08:00:50.428063 [info ]: Started loading project
08:00:50.428462 [info ]: Finished loading project [  0.00s]
08:00:50.765948 [info ]: Started loading project
08:00:50.767583 [info ]: Finished loading project [  0.00s]
08:00:51.105711 [info ]: Started loading project
08:00:51.106048 [info ]: Finished loading project [  0.00s]
08:00:51.161472 [info ]: Started loading project
08:00:51.162890 [info ]: Finished loading project [  0.00s]
08:00:51.568068 [info ]: Started loading project
08:00:51.568442 [info ]: Finished loading project [  0.00s]
==================== 2026-03-01T06:41:45.883987Z | bbbc192e-919c-4604-bb7e-12ae70e61feb ====================
06:41:45.886445 [info ]: Starting dbt LSP server
06:41:45.887514 [info ]: Connecting to LSP client on port 8000
06:41:45.889655 [info ]: Successfully connected to LSP client
06:41:45.889675 [info ]: Creating LSP service...
06:41:45.969057 [info ]: Creating LSP server...
06:41:45.969080 [info ]: Starting LSP server...
06:41:46.277045 [info ]: Started loading project
06:41:46.359403 [info ]: Finished loading project [  0.08s]
06:55:24.147208 [info ]: Started loading project
06:55:24.148481 [info ]: Finished loading project [  0.00s]
06:55:24.482004 [info ]: Started loading project
06:55:24.482467 [info ]: Finished loading project [  0.00s]
==================== 2026-03-01T07:28:32.662985Z | b2085764-0211-4a13-94b8-c0330a2ce44c ====================
07:28:32.663067 [info ]: Starting dbt LSP server
07:28:32.663103 [info ]: Connecting to LSP client on port 8001
07:28:32.667613 [info ]: Successfully connected to LSP client
07:28:32.667639 [info ]: Creating LSP service...
07:28:32.774132 [info ]: Creating LSP server...
07:28:32.774158 [info ]: Starting LSP server...
07:28:32.798697 [info ]: Started loading project
07:28:32.800410 [info ]: Finished loading project [  0.00s]
07:31:12.431132 [info ]: Started loading project
07:31:12.431484 [info ]: Finished loading project [  0.00s]
07:39:15.602250 [info ]: Started loading project
07:39:15.602715 [info ]: Finished loading project [  0.00s]
07:39:16.145565 [info ]: Started loading project
07:39:16.145944 [info ]: Finished loading project [  0.00s]
07:39:18.789190 [info ]: Started loading project
07:39:18.789575 [info ]: Finished loading project [  0.00s]
07:39:19.242103 [info ]: Started loading project
07:39:19.242455 [info ]: Finished loading project [  0.00s]
==================== 2026-03-03T07:09:04.620218Z | 8b4b37e6-71a3-4f5b-a0a5-41ea12e5f9bd ====================
07:09:04.622641 [info ]: Starting dbt LSP server
07:09:04.623644 [info ]: Connecting to LSP client on port 8000
07:09:04.626106 [info ]: Successfully connected to LSP client
07:09:04.626130 [info ]: Creating LSP service...
07:09:04.705719 [info ]: Creating LSP server...
07:09:04.705742 [info ]: Starting LSP server...
07:09:05.005741 [info ]: Started loading project
07:09:05.045885 [info ]: Finished loading project [  0.04s]
==================== 2026-03-05T06:19:10.617877Z | a41c4770-8eaa-498e-824c-4348cc572e34 ====================
06:19:10.617925 [info ]: Starting dbt LSP server
06:19:10.617943 [info ]: Connecting to LSP client on port 8001
06:19:10.619424 [info ]: Successfully connected to LSP client
06:19:10.619441 [info ]: Creating LSP service...
06:19:10.677679 [info ]: Creating LSP server...
06:19:10.677700 [info ]: Starting LSP server...
06:19:10.699718 [info ]: Started loading project
06:19:10.715485 [info ]: Finished loading project [  0.02s]
06:29:13.653778 [info ]: Started loading project
06:29:13.654323 [info ]: Finished loading project [  0.00s]
==================== 2026-03-07T07:07:16.036584Z | 7f49a725-9a69-450d-be4f-10582d7fc1b3 ====================
07:07:16.038873 [info ]: Starting dbt LSP server
07:07:16.039612 [info ]: Connecting to LSP client on port 8000
07:07:16.041570 [info ]: Successfully connected to LSP client
07:07:16.041588 [info ]: Creating LSP service...
07:07:16.125119 [info ]: Creating LSP server...
07:07:16.125138 [info ]: Starting LSP server...
07:07:16.179773 [info ]: Started loading project
07:07:16.210967 [info ]: Finished loading project [  0.03s]
07:24:57.120583 [info ]: Started loading project
07:24:57.121046 [info ]: Finished loading project [  0.00s]
==================== 2026-03-09T03:33:53.503272Z | 5879a4d8-15c5-4bf8-a826-7c57aa80f42b ====================
03:33:53.505519 [info ]: Starting dbt LSP server
03:33:53.506406 [info ]: Connecting to LSP client on port 8000
03:33:53.509831 [info ]: Successfully connected to LSP client
03:33:53.509851 [info ]: Creating LSP service...
03:33:53.614967 [info ]: Creating LSP server...
03:33:53.615000 [info ]: Starting LSP server...
03:33:54.241909 [info ]: Started loading project
03:33:54.327769 [info ]: Finished loading project [  0.09s]
