==================== 2026-03-01T06:59:23.704592Z | b91ae304-cbcc-40ba-b035-b886c1c4f8a5 ====================
06:59:23.704702 [info ]: Starting dbt LSP server
06:59:23.704738 [info ]: Connecting to LSP client on port 8001
06:59:23.706305 [info ]: Successfully connected to LSP client
06:59:23.706327 [info ]: Creating LSP service...
06:59:23.752705 [info ]: Creating LSP server...
06:59:23.752725 [info ]: Starting LSP server...
06:59:23.983765 [info ]: Started loading project
06:59:23.986872 [info ]: Finished loading project [  0.00s]
07:02:13.540570 [info ]: Started loading project
07:02:13.541712 [info ]: Finished loading project [  0.00s]
07:02:13.865615 [info ]: Started loading project
07:02:13.866022 [info ]: Finished loading project [  0.00s]
07:06:08.630281 [info ]: Started loading project
07:06:08.630771 [info ]: Finished loading project [  0.00s]
07:06:08.943183 [info ]: Started loading project
07:06:08.943670 [info ]: Finished loading project [  0.00s]
07:08:07.778834 [info ]: Started loading project
07:08:07.779265 [info ]: Finished loading project [  0.00s]
07:08:08.103161 [info ]: Started loading project
07:08:08.103605 [info ]: Finished loading project [  0.00s]
07:28:12.269187 [info ]: Started loading project
07:28:12.269714 [info ]: Finished loading project [  0.00s]
07:28:12.522593 [info ]: Started loading project
07:28:12.522962 [info ]: Finished loading project [  0.00s]
07:28:12.608060 [info ]: Started loading project
07:28:12.608629 [info ]: Finished loading project [  0.00s]
07:28:12.895411 [info ]: Started loading project
07:28:12.895807 [info ]: Finished loading project [  0.00s]
07:28:32.930996 [info ]: Started loading project
07:28:32.932456 [info ]: Finished loading project [  0.00s]
07:31:12.087928 [info ]: Started loading project
07:31:12.088016 [info ]: Finished loading project [  0.00s]
07:31:12.430049 [info ]: Started loading project
07:31:12.430144 [info ]: Finished loading project [  0.00s]
07:39:15.253940 [info ]: Started loading project
07:39:15.254058 [info ]: Finished loading project [  0.00s]
07:39:15.600931 [info ]: Started loading project
07:39:15.601012 [info ]: Finished loading project [  0.00s]
07:39:15.738131 [info ]: Started loading project
07:39:15.738263 [info ]: Finished loading project [  0.00s]
07:39:16.144847 [info ]: Started loading project
07:39:16.144970 [info ]: Finished loading project [  0.00s]
07:39:18.394150 [info ]: Started loading project
07:39:18.394237 [info ]: Finished loading project [  0.00s]
07:39:18.653710 [info ]: Started loading project
07:39:18.653829 [info ]: Finished loading project [  0.00s]
07:39:18.789727 [info ]: Started loading project
07:39:18.789812 [info ]: Finished loading project [  0.00s]
07:39:19.241635 [info ]: Started loading project
07:39:19.241726 [info ]: Finished loading project [  0.00s]
